<?xml version="1.0" encoding="UTF-8"?>
<testsuite xmlns:xsi="http://www.w3.org/2001/XMLSchema-instance" xsi:noNamespaceSchemaLocation="https://maven.apache.org/surefire/maven-surefire-plugin/xsd/surefire-test-report.xsd" name="org.adrian.junitapp.ejemplo.models.CuentaTest" time="0.285" tests="8" errors="0" skipped="0" failures="0">
  <properties>
[...]
</properties>
  <testcase name="testDineroInsuficienteExceptionCuenta" classname="org.adrian.junitapp.ejemplo.models.CuentaTest" time="0.124"/>
  <testcase name="testRelacionBancoCuentas" classname="org.adrian.junitapp.ejemplo.models.CuentaTest" time="0.013"/>
  <testcase name="testCreditoCuento" classname="org.adrian.junitapp.ejemplo.models.CuentaTest$CuentaOperacionesTest" time="0.01"/>
  <testcase name="testDebitoCuento" classname="org.adrian.junitapp.ejemplo.models.CuentaTest$CuentaOperacionesTest" time="0.001"/>
  <testcase name="testTransferirDineroCuentas" classname="org.adrian.junitapp.ejemplo.models.CuentaTest$CuentaOperacionesTest" time="0.03"/>
  <testcase name="testReferenciaCuenta" classname="org.adrian.junitapp.ejemplo.models.CuentaTest$CuentaTestNombreSaldo" time="0.014"/>
  <testcase name="testNombreCuenta" classname="org.adrian.junitapp.ejemplo.models.CuentaTest$CuentaTestNombreSaldo" time="0.025"/>
  <testcase name="textSaldoCuenta" classname="org.adrian.junitapp.ejemplo.models.CuentaTest$CuentaTestNombreSaldo" time="0.001"/>
</testsuite>